[debug] [2020-11-09T14:31:54.298Z] ----------------------------------------------------------------------
[debug] [2020-11-09T14:31:54.301Z] Command:       C:\Program Files\nodejs\node.exe C:\Users\user\AppData\Roaming\npm\node_modules\firebase-tools\lib\bin\firebase.js deploy
[debug] [2020-11-09T14:31:54.302Z] CLI Version:   8.15.0
[debug] [2020-11-09T14:31:54.302Z] Platform:      win32
[debug] [2020-11-09T14:31:54.302Z] Node Version:  v12.18.3
[debug] [2020-11-09T14:31:54.304Z] Time:          Mon Nov 09 2020 23:31:54 GMT+0900 (GMT+09:00)
[debug] [2020-11-09T14:31:54.305Z] ----------------------------------------------------------------------
[debug] [2020-11-09T14:31:54.305Z] 
[debug] [2020-11-09T14:31:54.322Z] > command requires scopes: ["email","openid","https://www.googleapis.com/auth/cloudplatformprojects.readonly","https://www.googleapis.com/auth/firebase","https://www.googleapis.com/auth/cloud-platform"]
[debug] [2020-11-09T14:31:54.323Z] > authorizing via signed-in user
[debug] [2020-11-09T14:31:54.324Z] [iam] checking project destiny2-gg for permissions ["firebase.projects.get","firebasedatabase.instances.update","firebasehosting.sites.update"]
[debug] [2020-11-09T14:31:54.329Z] > refreshing access token with scopes: ["email","https://www.googleapis.com/auth/cloud-platform","https://www.googleapis.com/auth/cloudplatformprojects.readonly","https://www.googleapis.com/auth/firebase","openid"]
[debug] [2020-11-09T14:31:54.329Z] >>> HTTP REQUEST POST https://www.googleapis.com/oauth2/v3/token  
 <request body omitted>
[debug] [2020-11-09T14:31:54.640Z] <<< HTTP RESPONSE 200 {"expires":"Mon, 01 Jan 1990 00:00:00 GMT","date":"Mon, 09 Nov 2020 14:31:59 GMT","pragma":"no-cache","cache-control":"no-cache, no-store, max-age=0, must-revalidate","content-type":"application/json; charset=utf-8","vary":"X-Origin, Referer, Origin,Accept-Encoding","server":"scaffolding on HTTPServer2","x-xss-protection":"0","x-frame-options":"SAMEORIGIN","x-content-type-options":"nosniff","alt-svc":"h3-Q050=\":443\"; ma=2592000,h3-29=\":443\"; ma=2592000,h3-T051=\":443\"; ma=2592000,h3-T050=\":443\"; ma=2592000,h3-Q046=\":443\"; ma=2592000,h3-Q043=\":443\"; ma=2592000,quic=\":443\"; ma=2592000; v=\"46,43\"","accept-ranges":"none","transfer-encoding":"chunked"}
[debug] [2020-11-09T14:31:54.653Z] >>> HTTP REQUEST POST https://cloudresourcemanager.googleapis.com/v1/projects/destiny2-gg:testIamPermissions  
 {"permissions":["firebase.projects.get","firebasedatabase.instances.update","firebasehosting.sites.update"]}
[debug] [2020-11-09T14:31:55.721Z] <<< HTTP RESPONSE 200 {"content-type":"application/json; charset=UTF-8","vary":"X-Origin, Referer, Origin,Accept-Encoding","date":"Mon, 09 Nov 2020 14:32:00 GMT","server":"ESF","cache-control":"private","x-xss-protection":"0","x-frame-options":"SAMEORIGIN","x-content-type-options":"nosniff","server-timing":"gfet4t7; dur=820","alt-svc":"h3-Q050=\":443\"; ma=2592000,h3-29=\":443\"; ma=2592000,h3-T051=\":443\"; ma=2592000,h3-T050=\":443\"; ma=2592000,h3-Q046=\":443\"; ma=2592000,h3-Q043=\":443\"; ma=2592000,quic=\":443\"; ma=2592000; v=\"46,43\"","accept-ranges":"none","transfer-encoding":"chunked"}
[debug] [2020-11-09T14:31:55.723Z] >>> HTTP REQUEST GET https://firebase.googleapis.com/v1beta1/projects/destiny2-gg  
 
[debug] [2020-11-09T14:31:56.213Z] <<< HTTP RESPONSE 200 {"content-type":"application/json; charset=UTF-8","vary":"X-Origin, Referer, Origin,Accept-Encoding","date":"Mon, 09 Nov 2020 14:32:00 GMT","server":"ESF","cache-control":"private","x-xss-protection":"0","x-frame-options":"SAMEORIGIN","x-content-type-options":"nosniff","alt-svc":"h3-Q050=\":443\"; ma=2592000,h3-29=\":443\"; ma=2592000,h3-T051=\":443\"; ma=2592000,h3-T050=\":443\"; ma=2592000,h3-Q046=\":443\"; ma=2592000,h3-Q043=\":443\"; ma=2592000,quic=\":443\"; ma=2592000; v=\"46,43\"","accept-ranges":"none","transfer-encoding":"chunked"}
[debug] [2020-11-09T14:31:56.214Z] >>> HTTP REQUEST GET https://firebase.googleapis.com/v1beta1/projects/destiny2-gg  
 
[debug] [2020-11-09T14:31:56.683Z] <<< HTTP RESPONSE 200 {"content-type":"application/json; charset=UTF-8","vary":"X-Origin, Referer, Origin,Accept-Encoding","date":"Mon, 09 Nov 2020 14:32:01 GMT","server":"ESF","cache-control":"private","x-xss-protection":"0","x-frame-options":"SAMEORIGIN","x-content-type-options":"nosniff","alt-svc":"h3-Q050=\":443\"; ma=2592000,h3-29=\":443\"; ma=2592000,h3-T051=\":443\"; ma=2592000,h3-T050=\":443\"; ma=2592000,h3-Q046=\":443\"; ma=2592000,h3-Q043=\":443\"; ma=2592000,quic=\":443\"; ma=2592000; v=\"46,43\"","accept-ranges":"none","transfer-encoding":"chunked"}
[info] 
[info] === Deploying to 'destiny2-gg'...
[info] 
[info] i  deploying database, hosting 
[info] i  database: checking rules syntax... 
[debug] [2020-11-09T14:31:56.704Z] >>> HTTP REQUEST PUT https://destiny2-gg.firebaseio.com/.settings/rules.json?dryRun=true  
 {
  /* Visit https://firebase.google.com/docs/database/security to learn more about security rules. */
  "rules": {
    ".read": false,
    ".write": false
  }
}
[debug] [2020-11-09T14:31:57.372Z] <<< HTTP RESPONSE 200 {"server":"nginx","date":"Mon, 09 Nov 2020 14:32:02 GMT","content-type":"application/json; charset=utf-8","content-length":"15","connection":"keep-alive","access-control-allow-origin":"*","cache-control":"no-cache","strict-transport-security":"max-age=31556926; includeSubDomains; preload"}
[info] +  database: rules syntax for database destiny2-gg is valid 
[debug] [2020-11-09T14:31:57.377Z] >>> HTTP REQUEST POST https://firebasehosting.googleapis.com/v1beta1/sites/destiny2-gg/versions  
 {"config":{"rewrites":[{"glob":"**","path":"/index.html"}]},"labels":{"deployment-tool":"cli-firebase"}}
[debug] [2020-11-09T14:31:58.833Z] <<< HTTP RESPONSE 200 {"content-type":"application/json; charset=UTF-8","vary":"X-Origin, Referer, Origin,Accept-Encoding","date":"Mon, 09 Nov 2020 14:32:03 GMT","server":"ESF","cache-control":"private","x-xss-protection":"0","x-frame-options":"SAMEORIGIN","x-content-type-options":"nosniff","alt-svc":"h3-Q050=\":443\"; ma=2592000,h3-29=\":443\"; ma=2592000,h3-T051=\":443\"; ma=2592000,h3-T050=\":443\"; ma=2592000,h3-Q046=\":443\"; ma=2592000,h3-Q043=\":443\"; ma=2592000,quic=\":443\"; ma=2592000; v=\"46,43\"","accept-ranges":"none","transfer-encoding":"chunked"}
[info] i  hosting[destiny2-gg]: beginning deploy... 
[info] i  hosting[destiny2-gg]: found 15 files in build 
[debug] [2020-11-09T14:31:59.300Z] [hosting] hash cache [YnVpbGQ] stored for 15 files
[debug] [2020-11-09T14:31:59.301Z] [hosting][hash queue][FINAL] {"max":437,"min":5,"avg":48.8,"active":0,"complete":15,"success":15,"errored":0,"retried":0,"total":15,"elapsed":447}
[debug] [2020-11-09T14:31:59.301Z] >>> HTTP REQUEST POST https://firebasehosting.googleapis.com/v1beta1/sites/destiny2-gg/versions/584dc6dea05c9cf2:populateFiles  
 <request body omitted>
[debug] [2020-11-09T14:32:00.516Z] <<< HTTP RESPONSE 200 {"content-type":"application/json; charset=UTF-8","vary":"X-Origin, Referer, Origin,Accept-Encoding","date":"Mon, 09 Nov 2020 14:32:05 GMT","server":"ESF","cache-control":"private","x-xss-protection":"0","x-frame-options":"SAMEORIGIN","x-content-type-options":"nosniff","alt-svc":"h3-Q050=\":443\"; ma=2592000,h3-29=\":443\"; ma=2592000,h3-T051=\":443\"; ma=2592000,h3-T050=\":443\"; ma=2592000,h3-Q046=\":443\"; ma=2592000,h3-Q043=\":443\"; ma=2592000,quic=\":443\"; ma=2592000; v=\"46,43\"","accept-ranges":"none","transfer-encoding":"chunked"}
[debug] [2020-11-09T14:32:00.522Z] [hosting][populate queue][FINAL] {"max":1218,"min":1218,"avg":1218,"active":0,"complete":1,"success":1,"errored":0,"retried":0,"total":1,"elapsed":1223}
[debug] [2020-11-09T14:32:00.522Z] [hosting] uploads queued: 9
[debug] [2020-11-09T14:32:06.224Z] [hosting][upload queue][FINAL] {"max":5707,"min":1577,"avg":2452,"active":0,"complete":9,"success":9,"errored":0,"retried":0,"total":9,"elapsed":5707}
[info] +  hosting[destiny2-gg]: file upload complete 
[debug] [2020-11-09T14:32:06.225Z] [hosting] deploy completed after 7390ms
[info] i  database: releasing rules... 
[debug] [2020-11-09T14:32:06.515Z] >>> HTTP REQUEST PUT https://destiny2-gg.firebaseio.com/.settings/rules.json  
 {
  /* Visit https://firebase.google.com/docs/database/security to learn more about security rules. */
  "rules": {
    ".read": false,
    ".write": false
  }
}
[debug] [2020-11-09T14:32:07.282Z] <<< HTTP RESPONSE 200 {"server":"nginx","date":"Mon, 09 Nov 2020 14:32:11 GMT","content-type":"application/json; charset=utf-8","content-length":"15","connection":"keep-alive","access-control-allow-origin":"*","cache-control":"no-cache","strict-transport-security":"max-age=31556926; includeSubDomains; preload"}
[info] +  database: rules for database destiny2-gg released successfully 
[debug] [2020-11-09T14:32:07.283Z] [
  {
    "config": {
      "public": "build",
      "ignore": [
        "firebase.json",
        "**/.*",
        "**/node_modules/**"
      ],
      "rewrites": [
        {
          "source": "**",
          "destination": "/index.html"
        }
      ],
      "site": "destiny2-gg"
    },
    "site": "destiny2-gg",
    "version": "sites/destiny2-gg/versions/584dc6dea05c9cf2"
  }
]
[info] i  hosting[destiny2-gg]: finalizing version... 
[debug] [2020-11-09T14:32:07.284Z] >>> HTTP REQUEST PATCH https://firebasehosting.googleapis.com/v1beta1/sites/destiny2-gg/versions/584dc6dea05c9cf2?updateMask=status  
 {"status":"FINALIZED"}
[debug] [2020-11-09T14:32:08.321Z] <<< HTTP RESPONSE 200 {"content-type":"application/json; charset=UTF-8","vary":"X-Origin, Referer, Origin,Accept-Encoding","date":"Mon, 09 Nov 2020 14:32:13 GMT","server":"ESF","cache-control":"private","x-xss-protection":"0","x-frame-options":"SAMEORIGIN","x-content-type-options":"nosniff","alt-svc":"h3-Q050=\":443\"; ma=2592000,h3-29=\":443\"; ma=2592000,h3-T051=\":443\"; ma=2592000,h3-T050=\":443\"; ma=2592000,h3-Q046=\":443\"; ma=2592000,h3-Q043=\":443\"; ma=2592000,quic=\":443\"; ma=2592000; v=\"46,43\"","accept-ranges":"none","transfer-encoding":"chunked"}
[debug] [2020-11-09T14:32:08.321Z] [hosting] finalized version for destiny2-gg: {"name":"sites/destiny2-gg/versions/584dc6dea05c9cf2","status":"FINALIZED","config":{"rewrites":[{"glob":"**","path":"/index.html"}]},"labels":{"deployment-tool":"cli-firebase"},"createTime":"2020-11-09T14:32:03.209003Z","createUser":{"email":"taejun0615@gmail.com"},"finalizeTime":"2020-11-09T14:32:13.016906Z","finalizeUser":{"email":"taejun0615@gmail.com"}}
[info] +  hosting[destiny2-gg]: version finalized 
[info] i  hosting[destiny2-gg]: releasing new version... 
[debug] [2020-11-09T14:32:08.322Z] >>> HTTP REQUEST POST https://firebasehosting.googleapis.com/v1beta1/sites/destiny2-gg/releases?version_name=sites/destiny2-gg/versions/584dc6dea05c9cf2  
 {"message":null}
